{"level":"error","message":"Failed to start server: The server does not support SSL connections","stack":"Error: The server does not support SSL connections\n    at C:\\Users\\siddi\\Documents\\STUDY MATERIAL\\AMU\\B. Tech\\Semester 8\\Major Project\\WorkNear\\backend\\node_modules\\pg-pool\\index.js:45:11\n    at process.processTicksAndRejections (node:internal/process/task_queues:104:5)\n    at async connectDB (C:\\Users\\siddi\\Documents\\STUDY MATERIAL\\AMU\\B. Tech\\Semester 8\\Major Project\\WorkNear\\backend\\src\\config\\database.js:24:18)\n    at async bootstrap (C:\\Users\\siddi\\Documents\\STUDY MATERIAL\\AMU\\B. Tech\\Semester 8\\Major Project\\WorkNear\\backend\\src\\app.js:121:5)","timestamp":"2026-03-25T02:44:30.170Z"}
{"level":"error","message":"Failed to start server: The server does not support SSL connections","stack":"Error: The server does not support SSL connections\n    at C:\\Users\\siddi\\Documents\\STUDY MATERIAL\\AMU\\B. Tech\\Semester 8\\Major Project\\WorkNear\\backend\\node_modules\\pg-pool\\index.js:45:11\n    at process.processTicksAndRejections (node:internal/process/task_queues:104:5)\n    at async connectDB (C:\\Users\\siddi\\Documents\\STUDY MATERIAL\\AMU\\B. Tech\\Semester 8\\Major Project\\WorkNear\\backend\\src\\config\\database.js:24:18)\n    at async bootstrap (C:\\Users\\siddi\\Documents\\STUDY MATERIAL\\AMU\\B. Tech\\Semester 8\\Major Project\\WorkNear\\backend\\src\\app.js:121:5)","timestamp":"2026-03-25T02:44:46.796Z"}
{"level":"error","message":"Failed to start server: The server does not support SSL connections","stack":"Error: The server does not support SSL connections\n    at C:\\Users\\siddi\\Documents\\STUDY MATERIAL\\AMU\\B. Tech\\Semester 8\\Major Project\\WorkNear\\backend\\node_modules\\pg-pool\\index.js:45:11\n    at process.processTicksAndRejections (node:internal/process/task_queues:104:5)\n    at async connectDB (C:\\Users\\siddi\\Documents\\STUDY MATERIAL\\AMU\\B. Tech\\Semester 8\\Major Project\\WorkNear\\backend\\src\\config\\database.js:24:18)\n    at async bootstrap (C:\\Users\\siddi\\Documents\\STUDY MATERIAL\\AMU\\B. Tech\\Semester 8\\Major Project\\WorkNear\\backend\\src\\app.js:121:5)","timestamp":"2026-03-25T02:46:52.932Z"}
{"level":"error","message":"Database connection failed:","timestamp":"2026-03-25T02:48:10.553Z"}
{"level":"error","message":"Database connection failed:","timestamp":"2026-03-25T02:48:26.960Z"}
{"level":"error","message":"Database connection failed: The server does not support SSL connections","timestamp":"2026-03-25T02:49:56.667Z"}
{"level":"error","message":"Database connection failed: password authentication failed for user \"worknear\"","timestamp":"2026-03-25T02:51:23.102Z"}
{"level":"error","message":"Database connection failed: password authentication failed for user \"worknear\"","timestamp":"2026-03-25T02:51:39.762Z"}
{"level":"error","message":"Database connection failed: password authentication failed for user \"worknear\"","timestamp":"2026-03-25T02:52:13.894Z"}
{"level":"error","message":"Database connection failed: password authentication failed for user \"worknear\"","timestamp":"2026-03-25T02:53:17.992Z"}
{"level":"error","message":"Database connection failed: password authentication failed for user \"worknear\"","timestamp":"2026-03-25T02:55:14.327Z"}
{"level":"error","message":"Database connection failed: password authentication failed for user \"worknear\"","timestamp":"2026-03-25T02:58:03.565Z"}
{"level":"error","message":"Database connection failed: password authentication failed for user \"worknear\"","timestamp":"2026-03-25T03:01:21.877Z"}
{"level":"error","message":"Database connection failed: password authentication failed for user \"worknear\"","timestamp":"2026-03-25T03:03:22.703Z"}
{"level":"error","message":"Database connection failed: password authentication failed for user \"worknear\"","timestamp":"2026-03-25T03:09:18.429Z"}
{"level":"error","message":"Database connection failed: password authentication failed for user \"worknear\"","timestamp":"2026-03-25T03:18:12.264Z"}
{"level":"error","message":"Database connection failed: password authentication failed for user \"worknear\"","timestamp":"2026-03-25T03:39:37.960Z"}
{"level":"error","message":"Database connection failed: password authentication failed for user \"worknear\"","timestamp":"2026-03-25T03:47:55.601Z"}
{"code":"ENOTFOUND","errno":-3008,"hostname":"redis","level":"error","message":"Redis error: getaddrinfo ENOTFOUND redis","stack":"Error: getaddrinfo ENOTFOUND redis\n    at GetAddrInfoReqWrap.onlookupall [as oncomplete] (node:dns:122:26)","syscall":"getaddrinfo","timestamp":"2026-03-25T07:35:41.370Z"}
{"code":"ENOTFOUND","errno":-3008,"hostname":"redis","level":"error","message":"Redis error: getaddrinfo ENOTFOUND redis","stack":"Error: getaddrinfo ENOTFOUND redis\n    at GetAddrInfoReqWrap.onlookupall [as oncomplete] (node:dns:122:26)","syscall":"getaddrinfo","timestamp":"2026-03-25T07:35:44.179Z"}
{"code":"ENOTFOUND","errno":-3008,"hostname":"redis","level":"error","message":"Redis error: getaddrinfo ENOTFOUND redis","stack":"Error: getaddrinfo ENOTFOUND redis\n    at GetAddrInfoReqWrap.onlookupall [as oncomplete] (node:dns:122:26)","syscall":"getaddrinfo","timestamp":"2026-03-25T07:35:47.085Z"}
{"code":"ENOTFOUND","errno":-3008,"hostname":"redis","level":"error","message":"Redis error: getaddrinfo ENOTFOUND redis","stack":"Error: getaddrinfo ENOTFOUND redis\n    at GetAddrInfoReqWrap.onlookupall [as oncomplete] (node:dns:122:26)","syscall":"getaddrinfo","timestamp":"2026-03-25T07:35:50.087Z"}
{"command":{"args":[],"name":"info"},"level":"error","message":"Redis error: NOAUTH Authentication required.","stack":"ReplyError: NOAUTH Authentication required.\n    at parseError (C:\\Users\\siddi\\Documents\\STUDY MATERIAL\\AMU\\B. Tech\\Semester 8\\Major Project\\WorkNear\\backend\\node_modules\\redis-parser\\lib\\parser.js:179:12)\n    at parseType (C:\\Users\\siddi\\Documents\\STUDY MATERIAL\\AMU\\B. Tech\\Semester 8\\Major Project\\WorkNear\\backend\\node_modules\\redis-parser\\lib\\parser.js:302:14)","timestamp":"2026-03-25T07:39:59.492Z"}
{"command":{"args":[],"name":"info"},"level":"error","message":"Redis error: NOAUTH Authentication required.","stack":"ReplyError: NOAUTH Authentication required.\n    at parseError (C:\\Users\\siddi\\Documents\\STUDY MATERIAL\\AMU\\B. Tech\\Semester 8\\Major Project\\WorkNear\\backend\\node_modules\\redis-parser\\lib\\parser.js:179:12)\n    at parseType (C:\\Users\\siddi\\Documents\\STUDY MATERIAL\\AMU\\B. Tech\\Semester 8\\Major Project\\WorkNear\\backend\\node_modules\\redis-parser\\lib\\parser.js:302:14)","timestamp":"2026-03-25T07:39:59.606Z"}
{"command":{"args":[],"name":"info"},"level":"error","message":"Redis error: NOAUTH Authentication required.","stack":"ReplyError: NOAUTH Authentication required.\n    at parseError (C:\\Users\\siddi\\Documents\\STUDY MATERIAL\\AMU\\B. Tech\\Semester 8\\Major Project\\WorkNear\\backend\\node_modules\\redis-parser\\lib\\parser.js:179:12)\n    at parseType (C:\\Users\\siddi\\Documents\\STUDY MATERIAL\\AMU\\B. Tech\\Semester 8\\Major Project\\WorkNear\\backend\\node_modules\\redis-parser\\lib\\parser.js:302:14)","timestamp":"2026-03-25T07:39:59.818Z"}
{"command":{"args":[],"name":"info"},"level":"error","message":"Redis error: NOAUTH Authentication required.","stack":"ReplyError: NOAUTH Authentication required.\n    at parseError (C:\\Users\\siddi\\Documents\\STUDY MATERIAL\\AMU\\B. Tech\\Semester 8\\Major Project\\WorkNear\\backend\\node_modules\\redis-parser\\lib\\parser.js:179:12)\n    at parseType (C:\\Users\\siddi\\Documents\\STUDY MATERIAL\\AMU\\B. Tech\\Semester 8\\Major Project\\WorkNear\\backend\\node_modules\\redis-parser\\lib\\parser.js:302:14)","timestamp":"2026-03-25T07:40:20.951Z"}
{"command":{"args":[],"name":"info"},"level":"error","message":"Redis error: NOAUTH Authentication required.","stack":"ReplyError: NOAUTH Authentication required.\n    at parseError (C:\\Users\\siddi\\Documents\\STUDY MATERIAL\\AMU\\B. Tech\\Semester 8\\Major Project\\WorkNear\\backend\\node_modules\\redis-parser\\lib\\parser.js:179:12)\n    at parseType (C:\\Users\\siddi\\Documents\\STUDY MATERIAL\\AMU\\B. Tech\\Semester 8\\Major Project\\WorkNear\\backend\\node_modules\\redis-parser\\lib\\parser.js:302:14)","timestamp":"2026-03-25T07:40:21.058Z"}
{"command":{"args":[],"name":"info"},"level":"error","message":"Redis error: NOAUTH Authentication required.","stack":"ReplyError: NOAUTH Authentication required.\n    at parseError (C:\\Users\\siddi\\Documents\\STUDY MATERIAL\\AMU\\B. Tech\\Semester 8\\Major Project\\WorkNear\\backend\\node_modules\\redis-parser\\lib\\parser.js:179:12)\n    at parseType (C:\\Users\\siddi\\Documents\\STUDY MATERIAL\\AMU\\B. Tech\\Semester 8\\Major Project\\WorkNear\\backend\\node_modules\\redis-parser\\lib\\parser.js:302:14)","timestamp":"2026-03-25T07:40:26.191Z"}
{"command":{"args":[],"name":"info"},"level":"error","message":"Redis error: NOAUTH Authentication required.","stack":"ReplyError: NOAUTH Authentication required.\n    at parseError (C:\\Users\\siddi\\Documents\\STUDY MATERIAL\\AMU\\B. Tech\\Semester 8\\Major Project\\WorkNear\\backend\\node_modules\\redis-parser\\lib\\parser.js:179:12)\n    at parseType (C:\\Users\\siddi\\Documents\\STUDY MATERIAL\\AMU\\B. Tech\\Semester 8\\Major Project\\WorkNear\\backend\\node_modules\\redis-parser\\lib\\parser.js:302:14)","timestamp":"2026-03-25T07:40:26.315Z"}
{"command":{"args":[],"name":"info"},"level":"error","message":"Redis error: NOAUTH Authentication required.","stack":"ReplyError: NOAUTH Authentication required.\n    at parseError (C:\\Users\\siddi\\Documents\\STUDY MATERIAL\\AMU\\B. Tech\\Semester 8\\Major Project\\WorkNear\\backend\\node_modules\\redis-parser\\lib\\parser.js:179:12)\n    at parseType (C:\\Users\\siddi\\Documents\\STUDY MATERIAL\\AMU\\B. Tech\\Semester 8\\Major Project\\WorkNear\\backend\\node_modules\\redis-parser\\lib\\parser.js:302:14)","timestamp":"2026-03-25T07:40:37.684Z"}
{"command":{"args":[],"name":"info"},"level":"error","message":"Redis error: NOAUTH Authentication required.","stack":"ReplyError: NOAUTH Authentication required.\n    at parseError (C:\\Users\\siddi\\Documents\\STUDY MATERIAL\\AMU\\B. Tech\\Semester 8\\Major Project\\WorkNear\\backend\\node_modules\\redis-parser\\lib\\parser.js:179:12)\n    at parseType (C:\\Users\\siddi\\Documents\\STUDY MATERIAL\\AMU\\B. Tech\\Semester 8\\Major Project\\WorkNear\\backend\\node_modules\\redis-parser\\lib\\parser.js:302:14)","timestamp":"2026-03-25T07:40:37.802Z"}
{"body":{"phone":"+919999999999"},"level":"error","message":"[c3721b21-f0ce-4e2a-90eb-5c1d53e741f0] POST /api/v1/auth/send-otp - sendSMS is not a function","stack":"TypeError: sendSMS is not a function\n    at Object.sendOTP (C:\\Users\\siddi\\Documents\\STUDY MATERIAL\\AMU\\B. Tech\\Semester 8\\Major Project\\WorkNear\\backend\\src\\modules\\auth\\auth.service.js:29:13)\n    at process.processTicksAndRejections (node:internal/process/task_queues:104:5)\n    at async C:\\Users\\siddi\\Documents\\STUDY MATERIAL\\AMU\\B. Tech\\Semester 8\\Major Project\\WorkNear\\backend\\src\\modules\\auth\\auth.controller.js:8:5","timestamp":"2026-03-25T15:38:35.266Z"}
{"body":{"phone":"+919999999999"},"level":"error","message":"[88bd8ca5-f7b2-4133-8f95-3c373aa9493b] POST /api/v1/auth/send-otp - sendSMS is not a function","stack":"TypeError: sendSMS is not a function\n    at Object.sendOTP (C:\\Users\\siddi\\Documents\\STUDY MATERIAL\\AMU\\B. Tech\\Semester 8\\Major Project\\WorkNear\\backend\\src\\modules\\auth\\auth.service.js:29:13)\n    at process.processTicksAndRejections (node:internal/process/task_queues:104:5)\n    at async C:\\Users\\siddi\\Documents\\STUDY MATERIAL\\AMU\\B. Tech\\Semester 8\\Major Project\\WorkNear\\backend\\src\\modules\\auth\\auth.controller.js:8:5","timestamp":"2026-03-25T15:38:40.374Z"}
{"body":{"full_name":"Ubaid","phone":"6945258653","role":"employer"},"level":"error","message":"[af2a538a-e6e7-4232-8f6a-d489cdab1472] POST /api/v1/auth/send-otp - sendSMS is not a function","stack":"TypeError: sendSMS is not a function\n    at Object.sendOTP (C:\\Users\\siddi\\Documents\\STUDY MATERIAL\\AMU\\B. Tech\\Semester 8\\Major Project\\WorkNear\\backend\\src\\modules\\auth\\auth.service.js:29:13)\n    at process.processTicksAndRejections (node:internal/process/task_queues:104:5)\n    at async C:\\Users\\siddi\\Documents\\STUDY MATERIAL\\AMU\\B. Tech\\Semester 8\\Major Project\\WorkNear\\backend\\src\\modules\\auth\\auth.controller.js:8:5","timestamp":"2026-03-28T02:20:26.906Z"}
{"body":{"full_name":"Ubaid","phone":"6945258653","role":"employer"},"level":"error","message":"[4f41d283-6c17-45dc-b300-3aa515194747] POST /api/v1/auth/send-otp - sendSMS is not a function","stack":"TypeError: sendSMS is not a function\n    at Object.sendOTP (C:\\Users\\siddi\\Documents\\STUDY MATERIAL\\AMU\\B. Tech\\Semester 8\\Major Project\\WorkNear\\backend\\src\\modules\\auth\\auth.service.js:29:13)\n    at process.processTicksAndRejections (node:internal/process/task_queues:104:5)\n    at async C:\\Users\\siddi\\Documents\\STUDY MATERIAL\\AMU\\B. Tech\\Semester 8\\Major Project\\WorkNear\\backend\\src\\modules\\auth\\auth.controller.js:8:5","timestamp":"2026-03-28T02:20:28.329Z"}
{"body":{"full_name":"Ubaid","phone":"6945258653","role":"employer"},"level":"error","message":"[3ca01d4c-42d2-46f6-81e7-006f3b4f8b5a] POST /api/v1/auth/send-otp - sendSMS is not a function","stack":"TypeError: sendSMS is not a function\n    at Object.sendOTP (C:\\Users\\siddi\\Documents\\STUDY MATERIAL\\AMU\\B. Tech\\Semester 8\\Major Project\\WorkNear\\backend\\src\\modules\\auth\\auth.service.js:29:13)\n    at process.processTicksAndRejections (node:internal/process/task_queues:104:5)\n    at async C:\\Users\\siddi\\Documents\\STUDY MATERIAL\\AMU\\B. Tech\\Semester 8\\Major Project\\WorkNear\\backend\\src\\modules\\auth\\auth.controller.js:8:5","timestamp":"2026-03-28T02:20:49.038Z"}
{"body":{"full_name":"Ubaid","otp":"139189","phone":"6945258653","role":"employer"},"level":"error","message":"[6a42b086-38db-46f3-84a7-9d7bc628e9eb] POST /api/v1/auth/verify-otp - relation \"users\" does not exist","stack":"error: relation \"users\" does not exist\n    at C:\\Users\\siddi\\Documents\\STUDY MATERIAL\\AMU\\B. Tech\\Semester 8\\Major Project\\WorkNear\\backend\\node_modules\\pg-pool\\index.js:45:11\n    at process.processTicksAndRejections (node:internal/process/task_queues:104:5)\n    at async Object.verifyOTP (C:\\Users\\siddi\\Documents\\STUDY MATERIAL\\AMU\\B. Tech\\Semester 8\\Major Project\\WorkNear\\backend\\src\\modules\\auth\\auth.service.js:45:18)\n    at async C:\\Users\\siddi\\Documents\\STUDY MATERIAL\\AMU\\B. Tech\\Semester 8\\Major Project\\WorkNear\\backend\\src\\modules\\auth\\auth.controller.js:14:20","timestamp":"2026-03-28T02:29:57.862Z"}
{"level":"error","message":"Database connection failed: path is not defined","timestamp":"2026-03-28T02:46:27.320Z"}
{"level":"error","message":"Database connection failed: path is not defined","timestamp":"2026-03-28T02:48:25.273Z"}
{"level":"error","message":"Database connection failed: path is not defined","timestamp":"2026-03-28T02:48:30.607Z"}
{"level":"error","message":"Database connection failed: path is not defined","timestamp":"2026-03-28T02:48:49.412Z"}
{"level":"error","message":"Database connection failed: path is not defined","timestamp":"2026-03-28T02:48:51.255Z"}
{"level":"error","message":"Database connection failed: path is not defined","timestamp":"2026-03-28T02:48:52.688Z"}
{"level":"error","message":"Database connection failed: path is not defined","timestamp":"2026-03-28T02:48:56.054Z"}
{"level":"error","message":"Database connection failed: path is not defined","timestamp":"2026-03-28T02:49:02.662Z"}
{"level":"error","message":"Database connection failed: path is not defined","timestamp":"2026-03-28T02:49:07.282Z"}
{"level":"error","message":"Database connection failed: path is not defined","timestamp":"2026-03-28T02:49:11.289Z"}
{"level":"error","message":"Database connection failed: path is not defined","timestamp":"2026-03-28T02:49:17.566Z"}
{"level":"error","message":"Database connection failed: path is not defined","timestamp":"2026-03-28T02:50:11.666Z"}
{"level":"error","message":"Database connection failed: path is not defined","timestamp":"2026-03-28T02:50:54.146Z"}
{"level":"error","message":"Database connection failed: path is not defined","timestamp":"2026-03-28T02:53:27.082Z"}
{"level":"error","message":"Database connection failed: path is not defined","timestamp":"2026-03-28T02:53:31.588Z"}
{"level":"error","message":"Database connection failed: path is not defined","timestamp":"2026-03-28T02:54:29.957Z"}
{"level":"error","message":"Database connection failed: path is not defined","timestamp":"2026-03-28T02:54:31.071Z"}
{"level":"error","message":"Database connection failed: path is not defined","timestamp":"2026-03-28T02:54:32.676Z"}
{"level":"error","message":"Database connection failed: path is not defined","timestamp":"2026-03-28T02:56:10.610Z"}
{"level":"error","message":"Database connection failed: path is not defined","timestamp":"2026-03-28T02:56:24.445Z"}
{"level":"error","message":"Database connection failed: ENOENT: no such file or directory, open 'C:\\Users\\siddi\\Documents\\STUDY MATERIAL\\AMU\\B. Tech\\Semester 8\\Major Project\\WorkNear\\backend\\src\\database\\schema.sql'","timestamp":"2026-03-28T02:56:25.531Z"}
{"level":"error","message":"Database connection failed: ENOENT: no such file or directory, open 'C:\\Users\\siddi\\Documents\\STUDY MATERIAL\\AMU\\B. Tech\\Semester 8\\Major Project\\WorkNear\\backend\\src\\database\\schema.sql'","timestamp":"2026-03-28T02:56:52.225Z"}
{"level":"error","message":"Database connection failed: extension \"postgis\" is not available","timestamp":"2026-03-28T02:57:42.029Z"}
{"level":"error","message":"Database connection failed: unique constraint on partitioned table must include all partitioning columns","timestamp":"2026-03-28T03:46:02.589Z"}
{"level":"error","message":"Database connection failed: unique constraint on partitioned table must include all partitioning columns","timestamp":"2026-03-28T03:52:33.537Z"}
{"level":"error","message":"Database connection failed: unique constraint on partitioned table must include all partitioning columns","timestamp":"2026-03-28T03:53:48.106Z"}
{"level":"error","message":"Database connection failed: syntax error at or near \"(\"","timestamp":"2026-03-28T03:57:09.697Z"}
{"body":{"full_name":"Ubaid","otp":"888880","phone":"6912563879","role":"employer"},"level":"error","message":"[6e0696ce-553a-4050-9d78-3f91922bb415] POST /api/v1/auth/verify-otp - secretOrPrivateKey must have a value","stack":"Error: secretOrPrivateKey must have a value\n    at module.exports [as sign] (C:\\Users\\siddi\\Documents\\STUDY MATERIAL\\AMU\\B. Tech\\Semester 8\\Major Project\\WorkNear\\backend\\node_modules\\jsonwebtoken\\sign.js:111:20)\n    at Object.verifyOTP (C:\\Users\\siddi\\Documents\\STUDY MATERIAL\\AMU\\B. Tech\\Semester 8\\Major Project\\WorkNear\\backend\\src\\modules\\auth\\auth.service.js:52:29)\n    at process.processTicksAndRejections (node:internal/process/task_queues:104:5)\n    at async C:\\Users\\siddi\\Documents\\STUDY MATERIAL\\AMU\\B. Tech\\Semester 8\\Major Project\\WorkNear\\backend\\src\\modules\\auth\\auth.controller.js:14:20","timestamp":"2026-03-28T04:03:02.383Z"}
{"level":"error","message":"Database connection failed: type \"user_role\" already exists","timestamp":"2026-03-28T04:06:28.101Z"}
{"level":"error","message":"Database connection failed: syntax error at or near \"NOT\"","timestamp":"2026-03-28T04:17:27.738Z"}
{"level":"error","message":"Database connection failed: relation \"idx_users_phone\" already exists","timestamp":"2026-03-28T04:19:06.237Z"}
{"level":"error","message":"Database connection failed: syntax error at or near \"IF\"","timestamp":"2026-03-28T04:20:32.461Z"}
{"level":"error","message":"Database connection failed: relation \"idx_users_phone\" already exists","timestamp":"2026-03-28T04:21:20.490Z"}
{"level":"error","message":"Database connection failed: trigger \"trg_users_updated\" for relation \"users\" already exists","timestamp":"2026-03-28T04:22:52.658Z"}
{"level":"error","message":"Database connection failed: syntax error at or near \"NOT\"","timestamp":"2026-03-28T04:25:21.905Z"}
{"level":"error","message":"Database connection failed: trigger \"trg_users_updated\" for relation \"users\" already exists","timestamp":"2026-03-28T04:28:34.970Z"}
{"code":"ECONNREFUSED","level":"error","message":"Redis error:","stack":"AggregateError [ECONNREFUSED]: \n    at internalConnectMultiple (node:net:1122:18)\n    at afterConnectMultiple (node:net:1689:7)","timestamp":"2026-03-29T06:09:14.033Z"}
{"level":"error","message":"Database connection failed: role \"worknear\" does not exist","timestamp":"2026-03-29T06:09:14.040Z"}
{"code":"ECONNREFUSED","level":"error","message":"Redis error:","stack":"AggregateError [ECONNREFUSED]: \n    at internalConnectMultiple (node:net:1122:18)\n    at afterConnectMultiple (node:net:1689:7)","timestamp":"2026-03-29T06:12:09.408Z"}
{"level":"error","message":"Database connection failed: role \"worknear\" does not exist","timestamp":"2026-03-29T06:12:09.413Z"}
{"code":"ECONNREFUSED","level":"error","message":"Redis error:","stack":"AggregateError [ECONNREFUSED]: \n    at internalConnectMultiple (node:net:1122:18)\n    at afterConnectMultiple (node:net:1689:7)","timestamp":"2026-03-29T06:12:16.035Z"}
{"level":"error","message":"Database connection failed: role \"worknear\" does not exist","timestamp":"2026-03-29T06:12:16.039Z"}
{"level":"error","message":"Database connection failed: role \"worknear\" does not exist","timestamp":"2026-03-29T06:30:53.288Z"}
{"body":{"otp":"141832","phone":"6396387159"},"level":"error","message":"[9e2a2aa4-55e2-4de5-9d24-57caeb705af9] POST /api/v1/auth/verify-otp - relation \"users\" does not exist","stack":"error: relation \"users\" does not exist\n    at /Users/mohdkaif/Downloads/WorkNear-main 2/backend/node_modules/pg/lib/client.js:631:17\n    at process.processTicksAndRejections (node:internal/process/task_queues:95:5)\n    at async Object.verifyOTP (/Users/mohdkaif/Downloads/WorkNear-main 2/backend/src/modules/auth/auth.service.js:47:18)\n    at async /Users/mohdkaif/Downloads/WorkNear-main 2/backend/src/modules/auth/auth.controller.js:14:20","timestamp":"2026-03-29T06:57:20.342Z"}
{"body":{"otp":"213529","phone":"+916396387159","purpose":"login"},"level":"error","message":"[7ce48f7f-2b77-457d-99c6-637032ebf5bf] POST /api/v1/auth/verify-otp - relation \"users\" does not exist","stack":"error: relation \"users\" does not exist\n    at /Users/mohdkaif/Downloads/WorkNear-main 2/backend/node_modules/pg/lib/client.js:631:17\n    at process.processTicksAndRejections (node:internal/process/task_queues:95:5)\n    at async Object.verifyOTP (/Users/mohdkaif/Downloads/WorkNear-main 2/backend/src/modules/auth/auth.service.js:47:18)\n    at async /Users/mohdkaif/Downloads/WorkNear-main 2/backend/src/modules/auth/auth.controller.js:14:20","timestamp":"2026-03-29T06:57:52.624Z"}
